<?xml version="1.0" encoding="utf-8"?>
<coverage line-rate="1" branch-rate="1" version="1.9" timestamp="1634473161" lines-covered="30" lines-valid="30" branches-covered="8" branches-valid="8">
  <sources>
    <source>C:\</source>
  </sources>
  <packages>
    <package name="LruCache.Service" line-rate="1" branch-rate="1" complexity="9">
      <classes>
        <class name="LruCache.Service.Implementation.LruCacheService" filename="Users\olatu\Projects\demo\AWSM\lrucache\lru-cache\LRUCache\LruCache.Service\Implementation\LruCacheService.cs" line-rate="1" branch-rate="1" complexity="9">
          <methods>
            <method name="LruCache" signature="(System.String[])" line-rate="1" branch-rate="1" complexity="8">
              <lines>
                <line number="14" hits="7" branch="False" />
                <line number="15" hits="91" branch="True" condition-coverage="100% (2/2)">
                  <conditions>
                    <condition number="285" type="jump" coverage="100%" />
                  </conditions>
                </line>
                <line number="16" hits="35" branch="False" />
                <line number="17" hits="35" branch="False" />
                <line number="19" hits="35" branch="True" condition-coverage="100% (2/2)">
                  <conditions>
                    <condition number="52" type="jump" coverage="100%" />
                  </conditions>
                </line>
                <line number="20" hits="32" branch="False" />
                <line number="21" hits="32" branch="True" condition-coverage="100% (2/2)">
                  <conditions>
                    <condition number="79" type="jump" coverage="100%" />
                  </conditions>
                </line>
                <line number="22" hits="28" branch="False" />
                <line number="23" hits="28" branch="False" />
                <line number="24" hits="28" branch="False" />
                <line number="26" hits="4" branch="False" />
                <line number="27" hits="20" branch="False" />
                <line number="29" hits="4" branch="False" />
                <line number="30" hits="4" branch="False" />
                <line number="31" hits="32" branch="False" />
                <line number="33" hits="3" branch="False" />
                <line number="34" hits="3" branch="True" condition-coverage="100% (2/2)">
                  <conditions>
                    <condition number="185" type="jump" coverage="100%" />
                  </conditions>
                </line>
                <line number="35" hits="1" branch="False" />
                <line number="36" hits="1" branch="False" />
                <line number="38" hits="1" branch="False" />
                <line number="39" hits="1" branch="False" />
                <line number="41" hits="2" branch="False" />
                <line number="42" hits="12" branch="False" />
                <line number="44" hits="2" branch="False" />
                <line number="45" hits="2" branch="False" />
                <line number="46" hits="3" branch="False" />
                <line number="47" hits="35" branch="False" />
                <line number="49" hits="35" branch="False" />
                <line number="50" hits="7" branch="False" />
              </lines>
            </method>
            <method name="ReInitializeCache" signature="()" line-rate="1" branch-rate="1" complexity="1">
              <lines>
                <line number="52" hits="7" branch="False" />
              </lines>
            </method>
          </methods>
          <lines>
            <line number="14" hits="7" branch="False" />
            <line number="15" hits="91" branch="True" condition-coverage="100% (2/2)">
              <conditions>
                <condition number="285" type="jump" coverage="100%" />
              </conditions>
            </line>
            <line number="16" hits="35" branch="False" />
            <line number="17" hits="35" branch="False" />
            <line number="19" hits="35" branch="True" condition-coverage="100% (2/2)">
              <conditions>
                <condition number="52" type="jump" coverage="100%" />
              </conditions>
            </line>
            <line number="20" hits="32" branch="False" />
            <line number="21" hits="32" branch="True" condition-coverage="100% (2/2)">
              <conditions>
                <condition number="79" type="jump" coverage="100%" />
              </conditions>
            </line>
            <line number="22" hits="28" branch="False" />
            <line number="23" hits="28" branch="False" />
            <line number="24" hits="28" branch="False" />
            <line number="26" hits="4" branch="False" />
            <line number="27" hits="20" branch="False" />
            <line number="29" hits="4" branch="False" />
            <line number="30" hits="4" branch="False" />
            <line number="31" hits="32" branch="False" />
            <line number="33" hits="3" branch="False" />
            <line number="34" hits="3" branch="True" condition-coverage="100% (2/2)">
              <conditions>
                <condition number="185" type="jump" coverage="100%" />
              </conditions>
            </line>
            <line number="35" hits="1" branch="False" />
            <line number="36" hits="1" branch="False" />
            <line number="38" hits="1" branch="False" />
            <line number="39" hits="1" branch="False" />
            <line number="41" hits="2" branch="False" />
            <line number="42" hits="12" branch="False" />
            <line number="44" hits="2" branch="False" />
            <line number="45" hits="2" branch="False" />
            <line number="46" hits="3" branch="False" />
            <line number="47" hits="35" branch="False" />
            <line number="49" hits="35" branch="False" />
            <line number="50" hits="7" branch="False" />
            <line number="52" hits="7" branch="False" />
          </lines>
        </class>
      </classes>
    </package>
  </packages>
</coverage>